<?xml version="1.0" encoding="UTF-8"?>
<testsuite name="CabinetTest" tests="1" skipped="0" failures="0" errors="0" timestamp="2022-04-19T08:37:14" hostname="choejaehun-ui-MacBookAir.local" time="0.116">
  <properties/>
  <testcase name="allocate()" classname="CabinetTest" time="0.116"/>
  <system-out><![CDATA[[레넌, 토닉, 알렉스, 썬, 클레이, 어썸오, 주디, 슬로, 쿼리치, 차리, 페퍼, 토르, 그린론, 아리, 조시, 루나, 조조그린, 케이, 앤지, 레오, 열음, 쿤, 승팡, 알린, 호호, 기론, 연로그, 짱구, 루키, 유콩, 헌치, 필즈, 바니, 이브, 에덴, 로마, 정, 포키, 티키, 파랑, 오리, 리차드, 마루, 베루스, 야호, 리버, 코린, 매트, 스컬, 디우, 봄, 애쉬, 찬, 이스트, 후디, 오찌, 이프, 돌범, 아서, 더즈, 알파, 수달, 라라, 제로, 써머, 범고래, 릭, 후니, 판다, 아키, 잉, 라쿤, 렉스, 칙촉, 엘리, 아스피, 배카라]
[X, 레넌, 토닉, 알렉스, 썬, 클레이, 어썸오, 주디, 슬로, 쿼리치, 차리, 페퍼, 토르, 그린론, 아리, 소주캉, 조시, 크리스, 루나, 조조그린, 케이, 앤지, 레오, 열음, 쿤, 승팡, 알린, X, 호호, 기론, 연로그, 짱구, 루키, 유콩, 헌치, 필즈, 바니, 이브, 에덴, 로마, 정, 포키, 티키, 파랑, 오리, 리차드, 마루, 베루스, 야호, 리버, 코린, 매트, 스컬, 디우, X, 봄, 애쉬, 찬, 이스트, 후디, 오찌, 이프, 돌범, 아서, 더즈, 알파, 수달, 라라, 제로, 써머, 범고래, 릭, 후니, 판다, 아키, 잉, 라쿤, 렉스, 칙촉, 엘리, 아스피, X, X, X, X, X, X, X, X, X, X, X, X, X, X, X, X, X, X, X, X, X, X, X, X, X, X, X, 조커 배카라]
[X, 레넌, 토닉, 알렉스, 썬, 클레이, 어썸오, 주디, 슬로, 쿼리치, 차리, 페퍼, 토르, 그린론, 아리, 소주캉, 조시, 크리스, 루나, 조조그린, 케이, 앤지, 레오, 열음, 쿤, 승팡, 알린, X, 호호, 기론, 연로그, 짱구, 루키, 유콩, 헌치, 필즈, 바니, 이브, 에덴, 로마, 정, 포키, 티키, 파랑, 오리, 리차드, 마루, 베루스, 야호, 리버, 코린, 매트, 스컬, 디우, X, 봄, 애쉬, 찬, 이스트, 후디, 오찌, 이프, 돌범, 아서, 더즈, 알파, 수달, 라라, 제로, 써머, 범고래, 릭, 후니, 판다, 아키, 잉, 라쿤, 렉스, 칙촉, 엘리, 아스피, X, X, X, X, X, X, X, X, X, X, X, X, X, X, X, X, X, X, X, X, X, X, X, X, X, X, X, 조커 배카라]
]]></system-out>
  <system-err><![CDATA[]]></system-err>
</testsuite>
