<?xml version="1.0" encoding="UTF-8"?>
<testsuite name="CabinetTest" tests="1" skipped="0" failures="0" errors="0" timestamp="2022-04-19T08:40:30" hostname="choejaehun-ui-MacBookAir.local" time="0.117">
  <properties/>
  <testcase name="allocate()" classname="CabinetTest" time="0.117"/>
  <system-out><![CDATA[[X, 페퍼, 케이, 판다, 토르, 칙촉, 포키, 오찌, 리차드, 리버, 연로그, 필즈, 렉스, 매트, 코린, 소주캉, 주디, 크리스, 아키, 라쿤, 베루스, 제로, 알렉스, 아리, 배카라, 썬, 기론, X, 써머, 슬로, 에덴, 파랑, 아서, 티키, 릭, 수달, 이스트, 야호, 바니, 엘리, 범고래, 짱구, 루키, 클레이, 알파, 더즈, 조조그린, 토닉, 열음, 봄, 정, 아스피, 알린, 오리, X, 차리, 레넌, 쿼리치, 돌범, 호호, 헌치, 그린론, 쿤, 어썸오, 애쉬, 잉, 앤지, 라라, 루나, 마루, 디우, 이브, 로마, 찬, 조시, 이프, 후니, 레오, 유콩, 후디, 스컬, X, X, X, X, X, X, X, X, X, X, X, X, X, X, X, X, X, X, X, X, X, X, X, X, X, X, X, 조커 승팡]
[X, 페퍼, 케이, 판다, 토르, 칙촉, 포키, 오찌, 리차드, 리버, 연로그, 필즈, 렉스, 매트, 코린, 소주캉, 주디, 크리스, 아키, 라쿤, 베루스, 제로, 알렉스, 아리, 배카라, 썬, 기론, X, 써머, 슬로, 에덴, 파랑, 아서, 티키, 릭, 수달, 이스트, 야호, 바니, 엘리, 범고래, 짱구, 루키, 클레이, 알파, 더즈, 조조그린, 토닉, 열음, 봄, 정, 아스피, 알린, 오리, X, 차리, 레넌, 쿼리치, 돌범, 호호, 헌치, 그린론, 쿤, 어썸오, 애쉬, 잉, 앤지, 라라, 루나, 마루, 디우, 이브, 로마, 찬, 조시, 이프, 후니, 레오, 유콩, 후디, 스컬, X, X, X, X, X, X, X, X, X, X, X, X, X, X, X, X, X, X, X, X, X, X, X, X, X, X, X, 조커 승팡]
]]></system-out>
  <system-err><![CDATA[]]></system-err>
</testsuite>
