<?xml version="1.0" encoding="UTF-8"?>
<testsuite name="CabinetTest" tests="1" skipped="0" failures="0" errors="0" timestamp="2022-04-19T08:41:21" hostname="choejaehun-ui-MacBookAir.local" time="0.108">
  <properties/>
  <testcase name="allocate()" classname="CabinetTest" time="0.108"/>
  <system-out><![CDATA[[X, 엘리, 판다, 호호, 범고래, 페퍼, 써머, 유콩, 승팡, 코린, 포키, 아서, 봄, 케이, 주디, 소주캉, 에덴, 크리스, 배카라, 야호, 수달, 쿼리치, 그린론, 조조그린, 기론, 오찌, 루나, X, 아스피, 바니, 루키, 스컬, 필즈, 앤지, 어썸오, 잉, 토르, 알파, 레오, 이브, 알린, 티키, 알렉스, 슬로, 라쿤, 칙촉, 후니, 릭, 후디, 라라, 마루, 토닉, 연로그, 렉스, X, 리버, 이스트, 로마, 애쉬, 돌범, 제로, 레넌, 매트, 베루스, 아리, 찬, 오리, 클레이, 헌치, 조시, 열음, 정, 디우, 파랑, 짱구, 이프, 쿤, 아키, 썬, 차리, 리차드, X, X, X, X, X, X, X, X, X, X, X, X, X, X, X, X, X, X, X, X, X, X, X, X, X, X, X, 조커 더즈]
[X, 엘리, 판다, 호호, 범고래, 페퍼, 써머, 유콩, 승팡, 코린, 포키, 아서, 봄, 케이, 주디, 소주캉, 에덴, 크리스, 배카라, 야호, 수달, 쿼리치, 그린론, 조조그린, 기론, 오찌, 루나, X, 아스피, 바니, 루키, 스컬, 필즈, 앤지, 어썸오, 잉, 토르, 알파, 레오, 이브, 알린, 티키, 알렉스, 슬로, 라쿤, 칙촉, 후니, 릭, 후디, 라라, 마루, 토닉, 연로그, 렉스, X, 리버, 이스트, 로마, 애쉬, 돌범, 제로, 레넌, 매트, 베루스, 아리, 찬, 오리, 클레이, 헌치, 조시, 열음, 정, 디우, 파랑, 짱구, 이프, 쿤, 아키, 썬, 차리, 리차드, X, X, X, X, X, X, X, X, X, X, X, X, X, X, X, X, X, X, X, X, X, X, X, X, X, X, X, 조커 더즈]
]]></system-out>
  <system-err><![CDATA[]]></system-err>
</testsuite>
